<?xml version="1.0" encoding="UTF-8"?>
<coverage generated="1750407145355" clover="3.2.0">
  <project timestamp="1750407145356" name="All files">
    <metrics statements="40" coveredstatements="39" conditionals="79" coveredconditionals="62" methods="21" coveredmethods="16" elements="140" coveredelements="117" complexity="0" loc="40" ncloc="40" packages="1" files="1" classes="1"/>
    <file name="store.js" path="/home/elios/Programs/CICD_webapp/react-ejs-app/store.js">
      <metrics statements="40" coveredstatements="39" conditionals="79" coveredconditionals="62" methods="21" coveredmethods="16"/>
      <line num="1" count="1" type="stmt"/>
      <line num="2" count="0" type="cond" truecount="28" falsecount="17"/>
      <line num="3" count="1" type="stmt"/>
      <line num="4" count="1" type="stmt"/>
      <line num="5" count="1" type="cond" truecount="1" falsecount="0"/>
      <line num="6" count="1" type="cond" truecount="4" falsecount="0"/>
      <line num="7" count="14" type="cond" truecount="1" falsecount="0"/>
      <line num="8" count="14" type="stmt"/>
      <line num="9" count="1" type="stmt"/>
      <line num="10" count="1" type="stmt"/>
      <line num="11" count="1" type="stmt"/>
      <line num="12" count="1" type="cond" truecount="4" falsecount="0"/>
      <line num="13" count="4" type="cond" truecount="1" falsecount="0"/>
      <line num="14" count="4" type="cond" truecount="1" falsecount="0"/>
      <line num="15" count="1" type="stmt"/>
      <line num="16" count="1" type="stmt"/>
      <line num="17" count="1" type="cond" truecount="4" falsecount="0"/>
      <line num="18" count="2" type="cond" truecount="1" falsecount="0"/>
      <line num="19" count="2" type="stmt"/>
      <line num="20" count="2" type="cond" truecount="1" falsecount="0"/>
      <line num="21" count="2" type="stmt"/>
      <line num="22" count="1" type="stmt"/>
      <line num="23" count="1" type="stmt"/>
      <line num="24" count="1" type="cond" truecount="4" falsecount="0"/>
      <line num="25" count="2" type="cond" truecount="1" falsecount="0"/>
      <line num="26" count="2" type="cond" truecount="1" falsecount="0"/>
      <line num="27" count="4" type="cond" truecount="1" falsecount="0"/>
      <line num="28" count="1" type="stmt"/>
      <line num="29" count="1" type="cond" truecount="1" falsecount="0"/>
      <line num="30" count="3" type="stmt"/>
      <line num="31" count="2" type="stmt"/>
      <line num="32" count="2" type="cond" truecount="1" falsecount="0"/>
      <line num="33" count="1" type="stmt"/>
      <line num="34" count="1" type="stmt"/>
      <line num="35" count="1" type="cond" truecount="4" falsecount="0"/>
      <line num="36" count="3" type="cond" truecount="1" falsecount="0"/>
      <line num="37" count="3" type="cond" truecount="2" falsecount="0"/>
      <line num="38" count="1" type="stmt"/>
      <line num="39" count="1" type="stmt"/>
      <line num="40" count="1" type="stmt"/>
    </file>
  </project>
</coverage>
