{"/home/elios/Programs/CICD_webapp/react-ejs-app/store.js": {"path":"/home/elios/Programs/CICD_webapp/react-ejs-app/store.js","all":false,"statementMap":{"0":{"start":{"line":1,"column":0},"end":{"line":1,"column":34}},"1":{"start":{"line":2,"column":0},"end":{"line":2,"column":29}},"2":{"start":{"line":3,"column":0},"end":{"line":3,"column":0}},"3":{"start":{"line":4,"column":0},"end":{"line":4,"column":53}},"4":{"start":{"line":5,"column":0},"end":{"line":5,"column":75}},"5":{"start":{"line":6,"column":0},"end":{"line":6,"column":30}},"6":{"start":{"line":7,"column":0},"end":{"line":7,"column":52}},"7":{"start":{"line":8,"column":0},"end":{"line":8,"column":26}},"8":{"start":{"line":9,"column":0},"end":{"line":9,"column":2}},"9":{"start":{"line":10,"column":0},"end":{"line":10,"column":0}},"10":{"start":{"line":11,"column":0},"end":{"line":11,"column":24}},"11":{"start":{"line":12,"column":0},"end":{"line":12,"column":31}},"12":{"start":{"line":13,"column":0},"end":{"line":13,"column":32}},"13":{"start":{"line":14,"column":0},"end":{"line":14,"column":45}},"14":{"start":{"line":15,"column":0},"end":{"line":15,"column":2}},"15":{"start":{"line":16,"column":0},"end":{"line":16,"column":0}},"16":{"start":{"line":17,"column":0},"end":{"line":17,"column":35}},"17":{"start":{"line":18,"column":0},"end":{"line":18,"column":32}},"18":{"start":{"line":19,"column":0},"end":{"line":19,"column":51}},"19":{"start":{"line":20,"column":0},"end":{"line":20,"column":44}},"20":{"start":{"line":21,"column":0},"end":{"line":21,"column":17}},"21":{"start":{"line":22,"column":0},"end":{"line":22,"column":2}},"22":{"start":{"line":23,"column":0},"end":{"line":23,"column":0}},"23":{"start":{"line":24,"column":0},"end":{"line":24,"column":43}},"24":{"start":{"line":25,"column":0},"end":{"line":25,"column":32}},"25":{"start":{"line":26,"column":0},"end":{"line":26,"column":41}},"26":{"start":{"line":27,"column":0},"end":{"line":27,"column":28}},"27":{"start":{"line":28,"column":0},"end":{"line":28,"column":37}},"28":{"start":{"line":29,"column":0},"end":{"line":29,"column":5}},"29":{"start":{"line":30,"column":0},"end":{"line":30,"column":19}},"30":{"start":{"line":31,"column":0},"end":{"line":31,"column":5}},"31":{"start":{"line":32,"column":0},"end":{"line":32,"column":29}},"32":{"start":{"line":33,"column":0},"end":{"line":33,"column":2}},"33":{"start":{"line":34,"column":0},"end":{"line":34,"column":0}},"34":{"start":{"line":35,"column":0},"end":{"line":35,"column":34}},"35":{"start":{"line":36,"column":0},"end":{"line":36,"column":32}},"36":{"start":{"line":37,"column":0},"end":{"line":37,"column":65}},"37":{"start":{"line":38,"column":0},"end":{"line":38,"column":2}},"38":{"start":{"line":39,"column":0},"end":{"line":39,"column":0}},"39":{"start":{"line":40,"column":0},"end":{"line":40,"column":59}}},"s":{"0":1,"1":0,"2":1,"3":1,"4":1,"5":1,"6":14,"7":14,"8":1,"9":1,"10":1,"11":1,"12":4,"13":4,"14":1,"15":1,"16":1,"17":2,"18":2,"19":2,"20":2,"21":1,"22":1,"23":1,"24":2,"25":2,"26":4,"27":1,"28":1,"29":3,"30":2,"31":2,"32":1,"33":1,"34":1,"35":3,"36":3,"37":1,"38":1,"39":1},"branchMap":{"0":{"type":"branch","line":2,"loc":{"start":{"line":2,"column":0},"end":{"line":2,"column":29}},"locations":[{"start":{"line":2,"column":0},"end":{"line":2,"column":29}}]},"1":{"type":"branch","line":2,"loc":{"start":{"line":2,"column":0},"end":{"line":2,"column":29}},"locations":[{"start":{"line":2,"column":0},"end":{"line":2,"column":29}}]},"2":{"type":"branch","line":2,"loc":{"start":{"line":2,"column":0},"end":{"line":2,"column":29}},"locations":[{"start":{"line":2,"column":0},"end":{"line":2,"column":29}}]},"3":{"type":"branch","line":2,"loc":{"start":{"line":2,"column":0},"end":{"line":2,"column":29}},"locations":[{"start":{"line":2,"column":0},"end":{"line":2,"column":29}}]},"4":{"type":"branch","line":2,"loc":{"start":{"line":2,"column":0},"end":{"line":2,"column":29}},"locations":[{"start":{"line":2,"column":0},"end":{"line":2,"column":29}}]},"5":{"type":"branch","line":2,"loc":{"start":{"line":2,"column":0},"end":{"line":2,"column":29}},"locations":[{"start":{"line":2,"column":0},"end":{"line":2,"column":29}}]},"6":{"type":"branch","line":2,"loc":{"start":{"line":2,"column":0},"end":{"line":2,"column":29}},"locations":[{"start":{"line":2,"column":0},"end":{"line":2,"column":29}}]},"7":{"type":"branch","line":2,"loc":{"start":{"line":2,"column":0},"end":{"line":2,"column":29}},"locations":[{"start":{"line":2,"column":0},"end":{"line":2,"column":29}}]},"8":{"type":"branch","line":2,"loc":{"start":{"line":2,"column":0},"end":{"line":2,"column":29}},"locations":[{"start":{"line":2,"column":0},"end":{"line":2,"column":29}}]},"9":{"type":"branch","line":2,"loc":{"start":{"line":2,"column":0},"end":{"line":2,"column":29}},"locations":[{"start":{"line":2,"column":0},"end":{"line":2,"column":29}}]},"10":{"type":"branch","line":2,"loc":{"start":{"line":2,"column":0},"end":{"line":2,"column":29}},"locations":[{"start":{"line":2,"column":0},"end":{"line":2,"column":29}}]},"11":{"type":"branch","line":2,"loc":{"start":{"line":2,"column":0},"end":{"line":2,"column":29}},"locations":[{"start":{"line":2,"column":0},"end":{"line":2,"column":29}}]},"12":{"type":"branch","line":2,"loc":{"start":{"line":2,"column":0},"end":{"line":2,"column":29}},"locations":[{"start":{"line":2,"column":0},"end":{"line":2,"column":29}}]},"13":{"type":"branch","line":2,"loc":{"start":{"line":2,"column":0},"end":{"line":2,"column":29}},"locations":[{"start":{"line":2,"column":0},"end":{"line":2,"column":29}}]},"14":{"type":"branch","line":2,"loc":{"start":{"line":2,"column":0},"end":{"line":2,"column":29}},"locations":[{"start":{"line":2,"column":0},"end":{"line":2,"column":29}}]},"15":{"type":"branch","line":2,"loc":{"start":{"line":2,"column":0},"end":{"line":2,"column":29}},"locations":[{"start":{"line":2,"column":0},"end":{"line":2,"column":29}}]},"16":{"type":"branch","line":2,"loc":{"start":{"line":2,"column":0},"end":{"line":2,"column":29}},"locations":[{"start":{"line":2,"column":0},"end":{"line":2,"column":29}}]},"17":{"type":"branch","line":2,"loc":{"start":{"line":2,"column":0},"end":{"line":2,"column":29}},"locations":[{"start":{"line":2,"column":0},"end":{"line":2,"column":29}}]},"18":{"type":"branch","line":2,"loc":{"start":{"line":2,"column":0},"end":{"line":2,"column":29}},"locations":[{"start":{"line":2,"column":0},"end":{"line":2,"column":29}}]},"19":{"type":"branch","line":2,"loc":{"start":{"line":2,"column":0},"end":{"line":2,"column":29}},"locations":[{"start":{"line":2,"column":0},"end":{"line":2,"column":29}}]},"20":{"type":"branch","line":2,"loc":{"start":{"line":2,"column":0},"end":{"line":2,"column":29}},"locations":[{"start":{"line":2,"column":0},"end":{"line":2,"column":29}}]},"21":{"type":"branch","line":2,"loc":{"start":{"line":2,"column":0},"end":{"line":2,"column":29}},"locations":[{"start":{"line":2,"column":0},"end":{"line":2,"column":29}}]},"22":{"type":"branch","line":2,"loc":{"start":{"line":2,"column":0},"end":{"line":2,"column":29}},"locations":[{"start":{"line":2,"column":0},"end":{"line":2,"column":29}}]},"23":{"type":"branch","line":2,"loc":{"start":{"line":2,"column":0},"end":{"line":2,"column":29}},"locations":[{"start":{"line":2,"column":0},"end":{"line":2,"column":29}}]},"24":{"type":"branch","line":2,"loc":{"start":{"line":2,"column":0},"end":{"line":2,"column":29}},"locations":[{"start":{"line":2,"column":0},"end":{"line":2,"column":29}}]},"25":{"type":"branch","line":2,"loc":{"start":{"line":2,"column":0},"end":{"line":2,"column":29}},"locations":[{"start":{"line":2,"column":0},"end":{"line":2,"column":29}}]},"26":{"type":"branch","line":2,"loc":{"start":{"line":2,"column":0},"end":{"line":2,"column":29}},"locations":[{"start":{"line":2,"column":0},"end":{"line":2,"column":29}}]},"27":{"type":"branch","line":2,"loc":{"start":{"line":2,"column":0},"end":{"line":2,"column":29}},"locations":[{"start":{"line":2,"column":0},"end":{"line":2,"column":29}}]},"28":{"type":"branch","line":2,"loc":{"start":{"line":2,"column":0},"end":{"line":2,"column":29}},"locations":[{"start":{"line":2,"column":0},"end":{"line":2,"column":29}}]},"29":{"type":"branch","line":2,"loc":{"start":{"line":2,"column":0},"end":{"line":2,"column":29}},"locations":[{"start":{"line":2,"column":0},"end":{"line":2,"column":29}}]},"30":{"type":"branch","line":2,"loc":{"start":{"line":2,"column":0},"end":{"line":2,"column":29}},"locations":[{"start":{"line":2,"column":0},"end":{"line":2,"column":29}}]},"31":{"type":"branch","line":2,"loc":{"start":{"line":2,"column":0},"end":{"line":2,"column":29}},"locations":[{"start":{"line":2,"column":0},"end":{"line":2,"column":29}}]},"32":{"type":"branch","line":2,"loc":{"start":{"line":2,"column":0},"end":{"line":2,"column":29}},"locations":[{"start":{"line":2,"column":0},"end":{"line":2,"column":29}}]},"33":{"type":"branch","line":2,"loc":{"start":{"line":2,"column":0},"end":{"line":2,"column":29}},"locations":[{"start":{"line":2,"column":0},"end":{"line":2,"column":29}}]},"34":{"type":"branch","line":2,"loc":{"start":{"line":2,"column":0},"end":{"line":2,"column":29}},"locations":[{"start":{"line":2,"column":0},"end":{"line":2,"column":29}}]},"35":{"type":"branch","line":2,"loc":{"start":{"line":2,"column":0},"end":{"line":2,"column":29}},"locations":[{"start":{"line":2,"column":0},"end":{"line":2,"column":29}}]},"36":{"type":"branch","line":2,"loc":{"start":{"line":2,"column":0},"end":{"line":2,"column":29}},"locations":[{"start":{"line":2,"column":0},"end":{"line":2,"column":29}}]},"37":{"type":"branch","line":2,"loc":{"start":{"line":2,"column":0},"end":{"line":2,"column":29}},"locations":[{"start":{"line":2,"column":0},"end":{"line":2,"column":29}}]},"38":{"type":"branch","line":2,"loc":{"start":{"line":2,"column":0},"end":{"line":2,"column":29}},"locations":[{"start":{"line":2,"column":0},"end":{"line":2,"column":29}}]},"39":{"type":"branch","line":2,"loc":{"start":{"line":2,"column":0},"end":{"line":2,"column":29}},"locations":[{"start":{"line":2,"column":0},"end":{"line":2,"column":29}}]},"40":{"type":"branch","line":2,"loc":{"start":{"line":2,"column":0},"end":{"line":2,"column":29}},"locations":[{"start":{"line":2,"column":0},"end":{"line":2,"column":29}}]},"41":{"type":"branch","line":2,"loc":{"start":{"line":2,"column":0},"end":{"line":2,"column":29}},"locations":[{"start":{"line":2,"column":0},"end":{"line":2,"column":29}}]},"42":{"type":"branch","line":2,"loc":{"start":{"line":2,"column":0},"end":{"line":2,"column":29}},"locations":[{"start":{"line":2,"column":0},"end":{"line":2,"column":29}}]},"43":{"type":"branch","line":2,"loc":{"start":{"line":2,"column":0},"end":{"line":2,"column":29}},"locations":[{"start":{"line":2,"column":0},"end":{"line":2,"column":29}}]},"44":{"type":"branch","line":2,"loc":{"start":{"line":2,"column":0},"end":{"line":2,"column":29}},"locations":[{"start":{"line":2,"column":0},"end":{"line":2,"column":29}}]},"45":{"type":"branch","line":5,"loc":{"start":{"line":5,"column":20},"end":{"line":5,"column":75}},"locations":[{"start":{"line":5,"column":20},"end":{"line":5,"column":75}}]},"46":{"type":"branch","line":6,"loc":{"start":{"line":6,"column":14},"end":{"line":6,"column":17}},"locations":[{"start":{"line":6,"column":14},"end":{"line":6,"column":17}}]},"47":{"type":"branch","line":6,"loc":{"start":{"line":6,"column":17},"end":{"line":8,"column":26}},"locations":[{"start":{"line":6,"column":17},"end":{"line":8,"column":26}}]},"48":{"type":"branch","line":6,"loc":{"start":{"line":6,"column":17},"end":{"line":8,"column":26}},"locations":[{"start":{"line":6,"column":17},"end":{"line":8,"column":26}}]},"49":{"type":"branch","line":6,"loc":{"start":{"line":6,"column":17},"end":{"line":7,"column":52}},"locations":[{"start":{"line":6,"column":17},"end":{"line":7,"column":52}}]},"50":{"type":"branch","line":7,"loc":{"start":{"line":7,"column":51},"end":{"line":8,"column":26}},"locations":[{"start":{"line":7,"column":51},"end":{"line":8,"column":26}}]},"51":{"type":"branch","line":12,"loc":{"start":{"line":12,"column":13},"end":{"line":12,"column":16}},"locations":[{"start":{"line":12,"column":13},"end":{"line":12,"column":16}}]},"52":{"type":"branch","line":12,"loc":{"start":{"line":12,"column":16},"end":{"line":14,"column":45}},"locations":[{"start":{"line":12,"column":16},"end":{"line":14,"column":45}}]},"53":{"type":"branch","line":12,"loc":{"start":{"line":12,"column":25},"end":{"line":14,"column":45}},"locations":[{"start":{"line":12,"column":25},"end":{"line":14,"column":45}}]},"54":{"type":"branch","line":12,"loc":{"start":{"line":12,"column":25},"end":{"line":13,"column":32}},"locations":[{"start":{"line":12,"column":25},"end":{"line":13,"column":32}}]},"55":{"type":"branch","line":13,"loc":{"start":{"line":13,"column":31},"end":{"line":14,"column":45}},"locations":[{"start":{"line":13,"column":31},"end":{"line":14,"column":45}}]},"56":{"type":"branch","line":14,"loc":{"start":{"line":14,"column":19},"end":{"line":14,"column":44}},"locations":[{"start":{"line":14,"column":19},"end":{"line":14,"column":44}}]},"57":{"type":"branch","line":17,"loc":{"start":{"line":17,"column":12},"end":{"line":17,"column":15}},"locations":[{"start":{"line":17,"column":12},"end":{"line":17,"column":15}}]},"58":{"type":"branch","line":17,"loc":{"start":{"line":17,"column":15},"end":{"line":21,"column":17}},"locations":[{"start":{"line":17,"column":15},"end":{"line":21,"column":17}}]},"59":{"type":"branch","line":17,"loc":{"start":{"line":17,"column":29},"end":{"line":21,"column":17}},"locations":[{"start":{"line":17,"column":29},"end":{"line":21,"column":17}}]},"60":{"type":"branch","line":17,"loc":{"start":{"line":17,"column":29},"end":{"line":18,"column":32}},"locations":[{"start":{"line":17,"column":29},"end":{"line":18,"column":32}}]},"61":{"type":"branch","line":18,"loc":{"start":{"line":18,"column":31},"end":{"line":20,"column":44}},"locations":[{"start":{"line":18,"column":31},"end":{"line":20,"column":44}}]},"62":{"type":"branch","line":20,"loc":{"start":{"line":20,"column":43},"end":{"line":21,"column":17}},"locations":[{"start":{"line":20,"column":43},"end":{"line":21,"column":17}}]},"63":{"type":"branch","line":24,"loc":{"start":{"line":24,"column":16},"end":{"line":24,"column":19}},"locations":[{"start":{"line":24,"column":16},"end":{"line":24,"column":19}}]},"64":{"type":"branch","line":24,"loc":{"start":{"line":24,"column":19},"end":{"line":32,"column":29}},"locations":[{"start":{"line":24,"column":19},"end":{"line":32,"column":29}}]},"65":{"type":"branch","line":24,"loc":{"start":{"line":24,"column":37},"end":{"line":32,"column":29}},"locations":[{"start":{"line":24,"column":37},"end":{"line":32,"column":29}}]},"66":{"type":"branch","line":24,"loc":{"start":{"line":24,"column":37},"end":{"line":25,"column":32}},"locations":[{"start":{"line":24,"column":37},"end":{"line":25,"column":32}}]},"67":{"type":"branch","line":25,"loc":{"start":{"line":25,"column":31},"end":{"line":32,"column":29}},"locations":[{"start":{"line":25,"column":31},"end":{"line":32,"column":29}}]},"68":{"type":"branch","line":32,"loc":{"start":{"line":32,"column":28},"end":{"line":32,"column":29}},"locations":[{"start":{"line":32,"column":28},"end":{"line":32,"column":29}}]},"69":{"type":"branch","line":26,"loc":{"start":{"line":26,"column":27},"end":{"line":31,"column":3}},"locations":[{"start":{"line":26,"column":27},"end":{"line":31,"column":3}}]},"70":{"type":"branch","line":27,"loc":{"start":{"line":27,"column":27},"end":{"line":29,"column":5}},"locations":[{"start":{"line":27,"column":27},"end":{"line":29,"column":5}}]},"71":{"type":"branch","line":29,"loc":{"start":{"line":29,"column":4},"end":{"line":31,"column":3}},"locations":[{"start":{"line":29,"column":4},"end":{"line":31,"column":3}}]},"72":{"type":"branch","line":35,"loc":{"start":{"line":35,"column":16},"end":{"line":35,"column":19}},"locations":[{"start":{"line":35,"column":16},"end":{"line":35,"column":19}}]},"73":{"type":"branch","line":35,"loc":{"start":{"line":35,"column":19},"end":{"line":37,"column":65}},"locations":[{"start":{"line":35,"column":19},"end":{"line":37,"column":65}}]},"74":{"type":"branch","line":35,"loc":{"start":{"line":35,"column":28},"end":{"line":37,"column":65}},"locations":[{"start":{"line":35,"column":28},"end":{"line":37,"column":65}}]},"75":{"type":"branch","line":35,"loc":{"start":{"line":35,"column":28},"end":{"line":36,"column":32}},"locations":[{"start":{"line":35,"column":28},"end":{"line":36,"column":32}}]},"76":{"type":"branch","line":36,"loc":{"start":{"line":36,"column":31},"end":{"line":37,"column":65}},"locations":[{"start":{"line":36,"column":31},"end":{"line":37,"column":65}}]},"77":{"type":"branch","line":37,"loc":{"start":{"line":37,"column":64},"end":{"line":37,"column":65}},"locations":[{"start":{"line":37,"column":64},"end":{"line":37,"column":65}}]},"78":{"type":"branch","line":37,"loc":{"start":{"line":37,"column":32},"end":{"line":37,"column":63}},"locations":[{"start":{"line":37,"column":32},"end":{"line":37,"column":63}}]}},"b":{"0":[0],"1":[0],"2":[0],"3":[0],"4":[25],"5":[0],"6":[25],"7":[50],"8":[0],"9":[0],"10":[57],"11":[0],"12":[0],"13":[0],"14":[25],"15":[63],"16":[82],"17":[25],"18":[0],"19":[57],"20":[0],"21":[25],"22":[57],"23":[57],"24":[0],"25":[25],"26":[5],"27":[0],"28":[30],"29":[1],"30":[0],"31":[35],"32":[34],"33":[0],"34":[1],"35":[3],"36":[57],"37":[57],"38":[0],"39":[25],"40":[32],"41":[5],"42":[25],"43":[25],"44":[57],"45":[7],"46":[1],"47":[14],"48":[28],"49":[14],"50":[14],"51":[1],"52":[4],"53":[8],"54":[4],"55":[4],"56":[7],"57":[1],"58":[2],"59":[6],"60":[2],"61":[2],"62":[2],"63":[1],"64":[2],"65":[6],"66":[2],"67":[2],"68":[2],"69":[4],"70":[1],"71":[3],"72":[1],"73":[3],"74":[9],"75":[3],"76":[3],"77":[3],"78":[6]},"fnMap":{"0":{"name":"i","decl":{"start":{"line":2,"column":0},"end":{"line":2,"column":29}},"loc":{"start":{"line":2,"column":0},"end":{"line":2,"column":29}},"line":2},"1":{"name":"d","decl":{"start":{"line":2,"column":0},"end":{"line":2,"column":29}},"loc":{"start":{"line":2,"column":0},"end":{"line":2,"column":29}},"line":2},"2":{"name":"d","decl":{"start":{"line":2,"column":0},"end":{"line":2,"column":29}},"loc":{"start":{"line":2,"column":0},"end":{"line":2,"column":29}},"line":2},"3":{"name":"Generator","decl":{"start":{"line":2,"column":0},"end":{"line":2,"column":29}},"loc":{"start":{"line":2,"column":0},"end":{"line":2,"column":29}},"line":2},"4":{"name":"GeneratorFunction","decl":{"start":{"line":2,"column":0},"end":{"line":2,"column":29}},"loc":{"start":{"line":2,"column":0},"end":{"line":2,"column":29}},"line":2},"5":{"name":"GeneratorFunctionPrototype","decl":{"start":{"line":2,"column":0},"end":{"line":2,"column":29}},"loc":{"start":{"line":2,"column":0},"end":{"line":2,"column":29}},"line":2},"6":{"name":"f","decl":{"start":{"line":2,"column":0},"end":{"line":2,"column":29}},"loc":{"start":{"line":2,"column":0},"end":{"line":2,"column":29}},"line":2},"7":{"name":"_regenerator","decl":{"start":{"line":2,"column":0},"end":{"line":2,"column":29}},"loc":{"start":{"line":2,"column":0},"end":{"line":2,"column":29}},"line":2},"8":{"name":"_regeneratorDefine2","decl":{"start":{"line":2,"column":0},"end":{"line":2,"column":29}},"loc":{"start":{"line":2,"column":0},"end":{"line":2,"column":29}},"line":2},"9":{"name":"_regeneratorDefine","decl":{"start":{"line":2,"column":0},"end":{"line":2,"column":29}},"loc":{"start":{"line":2,"column":0},"end":{"line":2,"column":29}},"line":2},"10":{"name":"o","decl":{"start":{"line":2,"column":0},"end":{"line":2,"column":29}},"loc":{"start":{"line":2,"column":0},"end":{"line":2,"column":29}},"line":2},"11":{"name":"asyncGeneratorStep","decl":{"start":{"line":2,"column":0},"end":{"line":2,"column":29}},"loc":{"start":{"line":2,"column":0},"end":{"line":2,"column":29}},"line":2},"12":{"name":"_asyncToGenerator","decl":{"start":{"line":2,"column":0},"end":{"line":2,"column":29}},"loc":{"start":{"line":2,"column":0},"end":{"line":2,"column":29}},"line":2},"13":{"name":"_next","decl":{"start":{"line":2,"column":0},"end":{"line":2,"column":29}},"loc":{"start":{"line":2,"column":0},"end":{"line":2,"column":29}},"line":2},"14":{"name":"_throw","decl":{"start":{"line":2,"column":0},"end":{"line":2,"column":29}},"loc":{"start":{"line":2,"column":0},"end":{"line":2,"column":29}},"line":2},"15":{"name":"saveChanges","decl":{"start":{"line":5,"column":20},"end":{"line":5,"column":75}},"loc":{"start":{"line":5,"column":20},"end":{"line":5,"column":75}},"line":5},"16":{"name":"_callee","decl":{"start":{"line":6,"column":17},"end":{"line":8,"column":26}},"loc":{"start":{"line":6,"column":17},"end":{"line":8,"column":26}},"line":6},"17":{"name":"_callee2","decl":{"start":{"line":12,"column":16},"end":{"line":14,"column":45}},"loc":{"start":{"line":12,"column":16},"end":{"line":14,"column":45}},"line":12},"18":{"name":"_callee3","decl":{"start":{"line":17,"column":15},"end":{"line":21,"column":17}},"loc":{"start":{"line":17,"column":15},"end":{"line":21,"column":17}},"line":17},"19":{"name":"_callee4","decl":{"start":{"line":24,"column":19},"end":{"line":32,"column":29}},"loc":{"start":{"line":24,"column":19},"end":{"line":32,"column":29}},"line":24},"20":{"name":"_callee5","decl":{"start":{"line":35,"column":19},"end":{"line":37,"column":65}},"loc":{"start":{"line":35,"column":19},"end":{"line":37,"column":65}},"line":35}},"f":{"0":25,"1":0,"2":50,"3":0,"4":0,"5":0,"6":5,"7":30,"8":1,"9":35,"10":3,"11":57,"12":5,"13":57,"14":0,"15":7,"16":14,"17":4,"18":2,"19":2,"20":3}}
}
