TN:
SF:store.js
FN:2,i
FN:2,d
FN:2,d
FN:2,Generator
FN:2,GeneratorFunction
FN:2,GeneratorFunctionPrototype
FN:2,f
FN:2,_regenerator
FN:2,_regeneratorDefine2
FN:2,_regeneratorDefine
FN:2,o
FN:2,asyncGeneratorStep
FN:2,_asyncToGenerator
FN:2,_next
FN:2,_throw
FN:5,saveChanges
FN:6,_callee
FN:12,_callee2
FN:17,_callee3
FN:24,_callee4
FN:35,_callee5
FNF:21
FNH:16
FNDA:25,i
FNDA:0,d
FNDA:50,d
FNDA:0,Generator
FNDA:0,GeneratorFunction
FNDA:0,GeneratorFunctionPrototype
FNDA:5,f
FNDA:30,_regenerator
FNDA:1,_regeneratorDefine2
FNDA:35,_regeneratorDefine
FNDA:3,o
FNDA:57,asyncGeneratorStep
FNDA:5,_asyncToGenerator
FNDA:57,_next
FNDA:0,_throw
FNDA:7,saveChanges
FNDA:14,_callee
FNDA:4,_callee2
FNDA:2,_callee3
FNDA:2,_callee4
FNDA:3,_callee5
DA:1,1
DA:2,0
DA:3,1
DA:4,1
DA:5,1
DA:6,1
DA:7,14
DA:8,14
DA:9,1
DA:10,1
DA:11,1
DA:12,1
DA:13,4
DA:14,4
DA:15,1
DA:16,1
DA:17,1
DA:18,2
DA:19,2
DA:20,2
DA:21,2
DA:22,1
DA:23,1
DA:24,1
DA:25,2
DA:26,2
DA:27,4
DA:28,1
DA:29,1
DA:30,3
DA:31,2
DA:32,2
DA:33,1
DA:34,1
DA:35,1
DA:36,3
DA:37,3
DA:38,1
DA:39,1
DA:40,1
LF:40
LH:39
BRDA:2,0,0,0
BRDA:2,1,0,0
BRDA:2,2,0,0
BRDA:2,3,0,0
BRDA:2,4,0,25
BRDA:2,5,0,0
BRDA:2,6,0,25
BRDA:2,7,0,50
BRDA:2,8,0,0
BRDA:2,9,0,0
BRDA:2,10,0,57
BRDA:2,11,0,0
BRDA:2,12,0,0
BRDA:2,13,0,0
BRDA:2,14,0,25
BRDA:2,15,0,63
BRDA:2,16,0,82
BRDA:2,17,0,25
BRDA:2,18,0,0
BRDA:2,19,0,57
BRDA:2,20,0,0
BRDA:2,21,0,25
BRDA:2,22,0,57
BRDA:2,23,0,57
BRDA:2,24,0,0
BRDA:2,25,0,25
BRDA:2,26,0,5
BRDA:2,27,0,0
BRDA:2,28,0,30
BRDA:2,29,0,1
BRDA:2,30,0,0
BRDA:2,31,0,35
BRDA:2,32,0,34
BRDA:2,33,0,0
BRDA:2,34,0,1
BRDA:2,35,0,3
BRDA:2,36,0,57
BRDA:2,37,0,57
BRDA:2,38,0,0
BRDA:2,39,0,25
BRDA:2,40,0,32
BRDA:2,41,0,5
BRDA:2,42,0,25
BRDA:2,43,0,25
BRDA:2,44,0,57
BRDA:5,45,0,7
BRDA:6,46,0,1
BRDA:6,47,0,14
BRDA:6,48,0,28
BRDA:6,49,0,14
BRDA:7,50,0,14
BRDA:12,51,0,1
BRDA:12,52,0,4
BRDA:12,53,0,8
BRDA:12,54,0,4
BRDA:13,55,0,4
BRDA:14,56,0,7
BRDA:17,57,0,1
BRDA:17,58,0,2
BRDA:17,59,0,6
BRDA:17,60,0,2
BRDA:18,61,0,2
BRDA:20,62,0,2
BRDA:24,63,0,1
BRDA:24,64,0,2
BRDA:24,65,0,6
BRDA:24,66,0,2
BRDA:25,67,0,2
BRDA:32,68,0,2
BRDA:26,69,0,4
BRDA:27,70,0,1
BRDA:29,71,0,3
BRDA:35,72,0,1
BRDA:35,73,0,3
BRDA:35,74,0,9
BRDA:35,75,0,3
BRDA:36,76,0,3
BRDA:37,77,0,3
BRDA:37,78,0,6
BRF:79
BRH:62
end_of_record
